[2020/04/25 15:27:51 +07] [SERVER] [INFO] (main.main:18) Start server router ....
[2020/04/25 21:09:21 +07] [SERVER] [INFO] (main.main:19) Start service router ....
[2020/04/25 21:11:02 +07] [SERVER] [INFO] (main.main:19) Start service router ....
[2020/04/25 21:11:24 +07] [SERVER] [EROR] (restaurant/backend-router/handler.Login:20) could not greet: %!(EXTRA *status.Error=rpc error: code = Canceled desc = grpc: the client connection is closing)
[2020/04/25 21:11:52 +07] [SERVER] [INFO] (main.main:19) Start service router ....
[2020/04/25 21:12:34 +07] [SERVER] [INFO] (main.main:19) Start service router ....
[2020/04/25 21:14:33 +07] [SERVER] [INFO] (main.main:19) Start service router ....
[2020/04/25 21:15:06 +07] [SERVER] [EROR] (restaurant/backend-router/handler.Login:20) could not greet: %!(EXTRA *status.Error=rpc error: code = Unimplemented desc = method Login not implemented)
[2020/04/25 21:16:56 +07] [SERVER] [INFO] (main.main:19) Start service router ....
[2020/04/25 21:17:09 +07] [SERVER] [EROR] (restaurant/backend-router/handler.Login:20) could not greet: %!(EXTRA *status.Error=rpc error: code = Unimplemented desc = method Login not implemented)
[2020/04/25 21:19:03 +07] [SERVER] [INFO] (main.main:19) Start service router ....
[2020/04/25 21:19:12 +07] [SERVER] [EROR] (restaurant/backend-router/handler.Login:20) could not greet: %!(EXTRA *status.Error=rpc error: code = Unimplemented desc = method Login not implemented)
[2020/04/25 21:30:10 +07] [SERVER] [INFO] (main.main:19) Start service router ....
[2020/04/25 21:30:18 +07] [SERVER] [EROR] (restaurant/backend-router/handler.Login:19) could not greet: %!(EXTRA *status.Error=rpc error: code = Unimplemented desc = method Login not implemented)
[2020/04/25 21:37:22 +07] [SERVER] [INFO] (main.main:19) Start service router ....
[2020/04/25 21:37:28 +07] [SERVER] [EROR] (restaurant/backend-router/handler.Login:19) could not greet: %!(EXTRA *status.Error=rpc error: code = Unimplemented desc = method Login not implemented)
[2020/04/25 21:41:29 +07] [SERVER] [EROR] (restaurant/backend-router/handler.Login:19) could not greet: %!(EXTRA *status.Error=rpc error: code = DeadlineExceeded desc = context deadline exceeded)
[2020/04/25 21:47:24 +07] [SERVER] [EROR] (restaurant/backend-router/handler.Login:19) could not greet: %!(EXTRA *status.Error=rpc error: code = Unimplemented desc = method Login not implemented)
[2020/04/25 22:00:13 +07] [SERVER] [EROR] (restaurant/backend-router/handler.Login:19) could not greet: %!(EXTRA *status.Error=rpc error: code = Unimplemented desc = method Login not implemented)
[2020/04/25 22:00:37 +07] [SERVER] [EROR] (restaurant/backend-router/handler.Login:19) could not greet: %!(EXTRA *status.Error=rpc error: code = Unimplemented desc = method Login not implemented)
[2020/04/25 22:01:00 +07] [SERVER] [EROR] (restaurant/backend-router/handler.Login:19) could not greet: %!(EXTRA *status.Error=rpc error: code = Unimplemented desc = method Login not implemented)
[2020/04/25 22:01:15 +07] [SERVER] [EROR] (restaurant/backend-router/handler.Login:19) could not greet: %!(EXTRA *status.Error=rpc error: code = Unimplemented desc = method Login not implemented)
[2020/04/25 22:10:03 +07] [SERVER] [EROR] (restaurant/backend-router/handler.Login:19) could not greet: %!(EXTRA *status.Error=rpc error: code = Unavailable desc = connection error: desc = "transport: Error while dialing dial tcp [::1]:8001: connect: connection refused")
[2020/04/25 22:11:08 +07] [SERVER] [EROR] (restaurant/backend-router/handler.Login:19) could not greet: %!(EXTRA *status.Error=rpc error: code = Unimplemented desc = method Login not implemented)
[2020/04/25 22:12:10 +07] [SERVER] [EROR] (restaurant/backend-router/handler.Login:19) could not greet: %!(EXTRA *status.Error=rpc error: code = Unimplemented desc = method Login not implemented)
[2020/04/25 22:13:17 +07] [SERVER] [EROR] (restaurant/backend-router/handler.Login:19) could not greet: %!(EXTRA *status.Error=rpc error: code = Unimplemented desc = method Login not implemented)
[2020/04/25 22:14:59 +07] [SERVER] [EROR] (restaurant/backend-router/handler.Login:19) could not greet: %!(EXTRA *status.Error=rpc error: code = Unimplemented desc = method Login not implemented)
[2020/04/25 22:15:26 +07] [SERVER] [INFO] (main.main:19) Start service router ....
[2020/04/25 22:15:39 +07] [SERVER] [EROR] (restaurant/backend-router/handler.Login:19) could not greet: %!(EXTRA *status.Error=rpc error: code = DeadlineExceeded desc = context deadline exceeded)
[2020/04/25 22:17:00 +07] [SERVER] [INFO] (main.main:19) Start service router ....
[2020/04/25 22:17:56 +07] [SERVER] [EROR] (restaurant/backend-router/handler.Login:19) could not greet: %!(EXTRA *status.Error=rpc error: code = DeadlineExceeded desc = context deadline exceeded)
[2020/04/25 22:20:41 +07] [SERVER] [EROR] (restaurant/backend-router/handler.Login:19) could not greet: %!(EXTRA *status.Error=rpc error: code = DeadlineExceeded desc = context deadline exceeded)
[2020/04/25 22:35:24 +07] [SERVER] [INFO] (main.main:19) Start service router ....
[2020/04/25 22:37:26 +07] [SERVER] [INFO] (main.main:19) Start service router ....
[2020/04/26 12:34:11 +07] [SERVER] [INFO] (main.main:19) Start service router ....
[2020/04/26 12:34:31 +07] [SERVER] [INFO] (main.main:19) Start service router ....
[2020/04/27 21:34:41 +07] [SERVER] [INFO] (main.main:19) Start service router ....
[2020/04/27 21:39:30 +07] [SERVER] [INFO] (main.main:18) Start service router ....
[2020/04/27 21:40:11 +07] [SERVER] [INFO] (main.main:18) Start service router ....
[2020/04/27 21:41:44 +07] [SERVER] [INFO] (main.main:18) Start service router ....
[2020/04/27 21:45:55 +07] [SERVER] [INFO] (main.main:18) Start service router ....
[2020/04/27 21:47:23 +07] [SERVER] [INFO] (main.main:18) Start service router ....
[2020/04/27 21:48:24 +07] [SERVER] [INFO] (main.main:18) Start service router ....
[2020/04/27 21:49:38 +07] [SERVER] [INFO] (main.main:18) Start service router ....
[2020/04/27 21:54:01 +07] [SERVER] [INFO] (main.main:18) Start service router ....
[2020/04/27 21:54:05 +07] [SERVER] [EROR] (restaurant/backend-router/handler.Welcome:16) EOF
[2020/04/27 21:54:05 +07] [SERVER] [INFO] (restaurant/backend-router/handler.Welcome:18) {{{} [] [] <nil>} 0 [] <nil> <nil>}
[2020/04/27 21:54:53 +07] [SERVER] [EROR] (restaurant/backend-router/handler.Welcome:16) EOF
[2020/04/27 21:54:53 +07] [SERVER] [INFO] (restaurant/backend-router/handler.Welcome:18) {{{} [] [] <nil>} 0 [] <nil> <nil>}
[2020/04/27 21:57:58 +07] [SERVER] [EROR] (restaurant/backend-router/handler.Welcome:16) EOF
[2020/04/27 21:57:58 +07] [SERVER] [INFO] (restaurant/backend-router/handler.Welcome:18) {{{} [] [] <nil>} 0 [] <nil> <nil>}
[2020/04/27 21:59:23 +07] [SERVER] [EROR] (restaurant/backend-router/handler.Welcome:16) EOF
[2020/04/27 21:59:23 +07] [SERVER] [INFO] (restaurant/backend-router/handler.Welcome:18) {{{} [] [] <nil>} 0 [] <nil> <nil>}
[2020/04/27 22:01:05 +07] [SERVER] [INFO] (main.main:18) Start service router ....
[2020/04/27 22:01:10 +07] [SERVER] [INFO] (restaurant/backend-router/handler.AuthMiddleware.func1:126) {{{} [] [] 0xc00023e8e0} 0 [] token:"eyJhbGciOiJIUzI1NiIsInR5cCI6IkpXVCJ9.eyJ1c2VybmFtZSI6ImtpZW5taXQiLCJncm91cCI6IlsxXSIsImV4cCI6MTU4ODAwMTcyOX0.t7RYt3v2MupbTmuPhvfyvw-7kh_f49tymfWwpZi18ys" user:{username:"kienmit" group:"[1]"} <nil>}
[2020/04/27 22:01:30 +07] [SERVER] [EROR] (restaurant/backend-router/handler.Welcome:16) EOF
[2020/04/27 22:01:30 +07] [SERVER] [INFO] (restaurant/backend-router/handler.Welcome:18) {{{} [] [] <nil>} 0 [] <nil> <nil>}
